Data loading...
文件路径: reviews_Digital_Music_5.csv
原始数据的前10行:
       reviewerID        asin  overall
0  A3EBHHCZO6V2A4  5555991584      5.0
1   AZPWAXJG9OJXV  5555991584      5.0
2  A38IRL0X2T4DPF  5555991584      5.0
3  A22IK3I6U76GX0  5555991584      5.0
4  A1AISPOIIHTHXX  5555991584      4.0
5  A2P49WD75WHAG5  5555991584      5.0
6  A3O90G1D7I5EGG  5555991584      3.0
7  A3EJYJC25OJVKK  5555991584      5.0
8  A1DA8VOH9NR6C7  5555991584      5.0
9  A33TRNCQK4IUO7  5555991584      5.0


User count: 5541, Item count: 3568

映射后的前10个交互:
[(0, 0, 5.0), (1, 0, 5.0), (2, 0, 5.0), (3, 0, 5.0), (4, 0, 4.0), (5, 0, 5.0), (6, 0, 3.0), (7, 0, 5.0), (8, 0, 5.0), (9, 0, 5.0)]

映射对应关系示例（前10个交互）:
交互1: A3EBHHCZO6V2A4(0) - 5555991584(0) - 评分5.0
交互2: AZPWAXJG9OJXV(1) - 5555991584(0) - 评分5.0
交互3: A38IRL0X2T4DPF(2) - 5555991584(0) - 评分5.0
交互4: A22IK3I6U76GX0(3) - 5555991584(0) - 评分5.0
交互5: A1AISPOIIHTHXX(4) - 5555991584(0) - 评分4.0
交互6: A2P49WD75WHAG5(5) - 5555991584(0) - 评分5.0
交互7: A3O90G1D7I5EGG(6) - 5555991584(0) - 评分3.0
交互8: A3EJYJC25OJVKK(7) - 5555991584(0) - 评分5.0
交互9: A1DA8VOH9NR6C7(8) - 5555991584(0) - 评分5.0
交互10: A33TRNCQK4IUO7(9) - 5555991584(0) - 评分5.0

数据集统计信息:
训练集 - 用户数: 5,541, 交互数: 41,870
验证集 - 用户数: 5,541, 交互数: 11,418
测试集 - 用户数: 5,541, 交互数: 11,418
Training...
==================================================
Evaluating...
Improved! Saving model...
Model saved to checkpoint/best.pth
Epoch [50/1000], Train Loss: 285.1665, Elapsed: Train Time: 0.65 Test Time: 6.51 *
test R@10: 0.0950, P@10: 0.0173, F@10: 0.0260, N@10: 0.0551

valid R@10: 0.0874, P@10: 0.0164, F@10: 0.0244, N@10: 0.0517

==================================================
==================================================
Evaluating...
Improved! Saving model...
Model saved to checkpoint/best.pth
Epoch [100/1000], Train Loss: 182.8861, Elapsed: Train Time: 0.45 Test Time: 6.36 *
test R@10: 0.1022, P@10: 0.0186, F@10: 0.0279, N@10: 0.0587

valid R@10: 0.0926, P@10: 0.0172, F@10: 0.0255, N@10: 0.0542

==================================================
==================================================
Evaluating...
Epoch [150/1000], Train Loss: 145.2139, Elapsed: Train Time: 0.46 Test Time: 7.21
test R@10: 0.1011, P@10: 0.0188, F@10: 0.0280, N@10: 0.0591

valid R@10: 0.0918, P@10: 0.0170, F@10: 0.0253, N@10: 0.0532

==================================================
==================================================
Evaluating...
Improved! Saving model...
Model saved to checkpoint/best.pth
Epoch [200/1000], Train Loss: 122.0219, Elapsed: Train Time: 0.51 Test Time: 6.82 *
test R@10: 0.1030, P@10: 0.0190, F@10: 0.0284, N@10: 0.0596

valid R@10: 0.0933, P@10: 0.0175, F@10: 0.0259, N@10: 0.0543

==================================================
==================================================
Evaluating...
Improved! Saving model...
Model saved to checkpoint/best.pth
Epoch [250/1000], Train Loss: 113.8922, Elapsed: Train Time: 0.51 Test Time: 6.69 *
test R@10: 0.1042, P@10: 0.0192, F@10: 0.0285, N@10: 0.0598

valid R@10: 0.0935, P@10: 0.0175, F@10: 0.0258, N@10: 0.0546

==================================================
==================================================
Evaluating...
Improved! Saving model...
Model saved to checkpoint/best.pth
Epoch [300/1000], Train Loss: 101.8208, Elapsed: Train Time: 0.63 Test Time: 5.72 *
test R@10: 0.1070, P@10: 0.0196, F@10: 0.0291, N@10: 0.0611

valid R@10: 0.0955, P@10: 0.0177, F@10: 0.0261, N@10: 0.0549

==================================================
==================================================
Evaluating...
Improved! Saving model...
Model saved to checkpoint/best.pth
Epoch [350/1000], Train Loss: 96.9483, Elapsed: Train Time: 0.50 Test Time: 6.12 *
test R@10: 0.1035, P@10: 0.0189, F@10: 0.0283, N@10: 0.0591

valid R@10: 0.0963, P@10: 0.0181, F@10: 0.0266, N@10: 0.0556

==================================================
==================================================
Evaluating...
Improved! Saving model...
Model saved to checkpoint/best.pth
Epoch [400/1000], Train Loss: 91.8011, Elapsed: Train Time: 0.24 Test Time: 6.75 *
test R@10: 0.1059, P@10: 0.0193, F@10: 0.0288, N@10: 0.0604

valid R@10: 0.0968, P@10: 0.0180, F@10: 0.0265, N@10: 0.0552

==================================================
==================================================
Evaluating...
Epoch [450/1000], Train Loss: 90.5606, Elapsed: Train Time: 0.67 Test Time: 6.02
test R@10: 0.1035, P@10: 0.0191, F@10: 0.0284, N@10: 0.0592

valid R@10: 0.0961, P@10: 0.0182, F@10: 0.0267, N@10: 0.0553

==================================================
==================================================
Evaluating...
Epoch [500/1000], Train Loss: 86.1596, Elapsed: Train Time: 0.52 Test Time: 6.93
test R@10: 0.1040, P@10: 0.0191, F@10: 0.0285, N@10: 0.0598

valid R@10: 0.0957, P@10: 0.0181, F@10: 0.0265, N@10: 0.0556

==================================================
==================================================
Evaluating...
Improved! Saving model...
Model saved to checkpoint/best.pth
Epoch [550/1000], Train Loss: 83.9530, Elapsed: Train Time: 0.33 Test Time: 6.50 *
test R@10: 0.1061, P@10: 0.0194, F@10: 0.0289, N@10: 0.0603

valid R@10: 0.0969, P@10: 0.0185, F@10: 0.0270, N@10: 0.0554

==================================================
==================================================
Evaluating...
Improved! Saving model...
Model saved to checkpoint/best.pth
Epoch [600/1000], Train Loss: 84.3138, Elapsed: Train Time: 0.60 Test Time: 6.45 *
test R@10: 0.1054, P@10: 0.0194, F@10: 0.0289, N@10: 0.0603

valid R@10: 0.1007, P@10: 0.0190, F@10: 0.0278, N@10: 0.0570

==================================================
==================================================
Evaluating...
Epoch [650/1000], Train Loss: 80.3758, Elapsed: Train Time: 0.48 Test Time: 6.49
test R@10: 0.1050, P@10: 0.0193, F@10: 0.0288, N@10: 0.0599

valid R@10: 0.0996, P@10: 0.0188, F@10: 0.0275, N@10: 0.0568

==================================================
==================================================
Evaluating...
Epoch [700/1000], Train Loss: 79.8463, Elapsed: Train Time: 0.35 Test Time: 6.55
test R@10: 0.1041, P@10: 0.0192, F@10: 0.0286, N@10: 0.0599

valid R@10: 0.0956, P@10: 0.0184, F@10: 0.0268, N@10: 0.0549

==================================================
==================================================
Evaluating...
Epoch [750/1000], Train Loss: 76.2464, Elapsed: Train Time: 0.54 Test Time: 6.04
test R@10: 0.1031, P@10: 0.0190, F@10: 0.0283, N@10: 0.0603

valid R@10: 0.0969, P@10: 0.0184, F@10: 0.0269, N@10: 0.0559

==================================================
==================================================
Evaluating...
Epoch [800/1000], Train Loss: 75.6090, Elapsed: Train Time: 0.60 Test Time: 6.03
test R@10: 0.1058, P@10: 0.0195, F@10: 0.0290, N@10: 0.0612

valid R@10: 0.0982, P@10: 0.0185, F@10: 0.0271, N@10: 0.0567

==================================================
Early stopping...
Testing...
Model loaded from checkpoint/best.pth
Evaluating...
Final Results
test R@10: 0.1054, P@10: 0.0194, F@10: 0.0289, N@10: 0.0603
